<?xml version="1.0" encoding="UTF-8"?>
<!-- Generated by org.testng.reporters.JUnitXMLReporter -->
<testsuite ignored="1" hostname="WKWZTFZy4amcwZs" failures="0" tests="39" name="Test" time="108.338" errors="0" timestamp="2022-11-24T22:27:44 IST">
  <testcase classname="day1.SeleniumScript2" name="Test2" time="6.219"/>
  <testcase classname="day1.SeleniumScript" name="Test1" time="8.788"/>
  <testcase classname="day1.SeleniumScript3" name="Test3" time="18.371"/>
  <testcase classname="day2.HandleAutoSuggestions" name="Test6" time="10.418"/>
  <testcase classname="day3.MyFirstTestNGTest2" name="createAccount" time="0.001"/>
  <testcase classname="day3.MyFirstTestNGTest2" name="deleteAccount" time="0.001"/>
  <testcase classname="day3.MyFirstTestNGTest2" name="logOutFromApplication" time="0.001"/>
  <testcase classname="day3.MyFirstTestNGTest2" name="login" time="0.0"/>
  <testcase classname="day3.SameTestMultipleTimes" name="createUser" time="0.227"/>
  <testcase classname="day3.SameTestMultipleTimes" name="createUser" time="0.074"/>
  <testcase classname="day3.SameTestMultipleTimes" name="createUser" time="0.062"/>
  <testcase classname="day3.SameTestMultipleTimes" name="createUser" time="0.041"/>
  <testcase classname="day3.SameTestMultipleTimes" name="createUser" time="0.028"/>
  <testcase classname="day3.SameTestMultipleTimes" name="createUser" time="0.026"/>
  <testcase classname="day3.SameTestMultipleTimes" name="createUser" time="0.03"/>
  <testcase classname="day3.SameTestMultipleTimes" name="createUser" time="0.027"/>
  <testcase classname="day3.SameTestMultipleTimes" name="createUser" time="0.027"/>
  <testcase classname="day3.SameTestMultipleTimes" name="createUser" time="0.022"/>
  <testcase classname="day3.MyFirstTestNGTest3" name="login" time="0.005"/>
  <testcase classname="day3.MyFirstTestNGTest3" name="logOutFromApplication" time="0.001"/>
  <testcase classname="day2.HandleAlert" name="Test5" time="13.652"/>
  <testcase classname="day4.DDTExample" name="myTest" time="2.712"/>
  <testcase classname="day4.DDTExample2" name="myTest" time="3.274"/>
  <testcase classname="day2.HandleDynamicAlert" name="Test7" time="14.338"/>
  <testcase classname="day4.ReadingFile" name="testData" time="0.003"/>
  <testcase classname="day4.DDTExample2" name="myTest" time="2.771"/>
  <testcase classname="day4.DDTExample" name="myTest" time="6.852"/>
  <testcase classname="assignments.OrangeHRM" name="Test11" time="47.09"/>
  <testcase classname="day4.DDTExample2" name="myTest" time="4.166"/>
  <testcase classname="day4.DDTExample" name="myTest" time="6.906"/>
  <testcase classname="day4.DDTExample2" name="myTest" time="2.565"/>
  <testcase classname="day4.DDTExample" name="myTest" time="2.485"/>
  <testcase classname="day3.SmokeTest" name="verifyForgotPasswordLink" time="0.043"/>
  <testcase classname="day3.AdditionalAttributes" name="verifyForgotPasswordLink" time="0.034"/>
  <testcase classname="day3.SmokeTest" name="verifySocialMediaCount" time="0.023"/>
  <testcase classname="day3.AdditionalAttributes" name="verifyTitle" time="0.012"/>
  <testcase classname="day3.SmokeTest" name="verifyTitle" time="0.009"/>
  <testcase classname="day3.AdditionalAttributes" name="verifyURL" time="0.015"/>
  <testcase classname="day3.SmokeTest" name="verifyURL" time="0.006"/>
  <testcase classname="day3.AdditionalAttributes" name="verifySocialMediaCount" time="0.0">
    <ignored/>
  </testcase> <!-- verifySocialMediaCount -->
</testsuite> <!-- Test -->
